[2023-06-24 16:04:33] production.ERROR: Connection could not be established with host "localhost:1025": stream_socket_client(): Unable to connect to localhost:1025 (Network unreachable) {"userId":1,"exception":"[object] (Symfony\\Component\\Mailer\\Exception\\TransportException(code: 0): Connection could not be established with host \"localhost:1025\": stream_socket_client(): Unable to connect to localhost:1025 (Network unreachable) at /app/www/vendor/symfony/mailer/Transport/Smtp/Stream/SocketStream.php:154)
[stacktrace]
#0 [internal function]: Symfony\\Component\\Mailer\\Transport\\Smtp\\Stream\\SocketStream->Symfony\\Component\\Mailer\\Transport\\Smtp\\Stream\\{closure}()
#1 /app/www/vendor/symfony/mailer/Transport/Smtp/Stream/SocketStream.php(157): stream_socket_client()
#2 /app/www/vendor/symfony/mailer/Transport/Smtp/SmtpTransport.php(251): Symfony\\Component\\Mailer\\Transport\\Smtp\\Stream\\SocketStream->initialize()
#3 /app/www/vendor/symfony/mailer/Transport/Smtp/SmtpTransport.php(194): Symfony\\Component\\Mailer\\Transport\\Smtp\\SmtpTransport->start()
#4 /app/www/vendor/symfony/mailer/Transport/AbstractTransport.php(69): Symfony\\Component\\Mailer\\Transport\\Smtp\\SmtpTransport->doSend()
#5 /app/www/vendor/symfony/mailer/Transport/Smtp/SmtpTransport.php(136): Symfony\\Component\\Mailer\\Transport\\AbstractTransport->send()
#6 /app/www/vendor/laravel/framework/src/Illuminate/Mail/Mailer.php(523): Symfony\\Component\\Mailer\\Transport\\Smtp\\SmtpTransport->send()
#7 /app/www/vendor/laravel/framework/src/Illuminate/Mail/Mailer.php(287): Illuminate\\Mail\\Mailer->sendSymfonyMessage()
#8 /app/www/vendor/laravel/framework/src/Illuminate/Notifications/Channels/MailChannel.php(64): Illuminate\\Mail\\Mailer->send()
#9 /app/www/vendor/laravel/framework/src/Illuminate/Notifications/NotificationSender.php(148): Illuminate\\Notifications\\Channels\\MailChannel->send()
#10 /app/www/vendor/laravel/framework/src/Illuminate/Notifications/NotificationSender.php(106): Illuminate\\Notifications\\NotificationSender->sendToNotifiable()
#11 /app/www/vendor/laravel/framework/src/Illuminate/Support/Traits/Localizable.php(19): Illuminate\\Notifications\\NotificationSender->Illuminate\\Notifications\\{closure}()
#12 /app/www/vendor/laravel/framework/src/Illuminate/Notifications/NotificationSender.php(101): Illuminate\\Notifications\\NotificationSender->withLocale()
#13 /app/www/vendor/laravel/framework/src/Illuminate/Notifications/ChannelManager.php(54): Illuminate\\Notifications\\NotificationSender->sendNow()
#14 /app/www/vendor/laravel/framework/src/Illuminate/Notifications/SendQueuedNotifications.php(112): Illuminate\\Notifications\\ChannelManager->sendNow()
#15 /app/www/vendor/laravel/framework/src/Illuminate/Container/BoundMethod.php(36): Illuminate\\Notifications\\SendQueuedNotifications->handle()
#16 /app/www/vendor/laravel/framework/src/Illuminate/Container/Util.php(41): Illuminate\\Container\\BoundMethod::Illuminate\\Container\\{closure}()
#17 /app/www/vendor/laravel/framework/src/Illuminate/Container/BoundMethod.php(93): Illuminate\\Container\\Util::unwrapIfClosure()
#18 /app/www/vendor/laravel/framework/src/Illuminate/Container/BoundMethod.php(35): Illuminate\\Container\\BoundMethod::callBoundMethod()
#19 /app/www/vendor/laravel/framework/src/Illuminate/Container/Container.php(661): Illuminate\\Container\\BoundMethod::call()
#20 /app/www/vendor/laravel/framework/src/Illuminate/Bus/Dispatcher.php(128): Illuminate\\Container\\Container->call()
#21 /app/www/vendor/laravel/framework/src/Illuminate/Pipeline/Pipeline.php(141): Illuminate\\Bus\\Dispatcher->Illuminate\\Bus\\{closure}()
#22 /app/www/vendor/laravel/framework/src/Illuminate/Pipeline/Pipeline.php(116): Illuminate\\Pipeline\\Pipeline->Illuminate\\Pipeline\\{closure}()
#23 /app/www/vendor/laravel/framework/src/Illuminate/Bus/Dispatcher.php(132): Illuminate\\Pipeline\\Pipeline->then()
#24 /app/www/vendor/laravel/framework/src/Illuminate/Queue/CallQueuedHandler.php(123): Illuminate\\Bus\\Dispatcher->dispatchNow()
#25 /app/www/vendor/laravel/framework/src/Illuminate/Pipeline/Pipeline.php(141): Illuminate\\Queue\\CallQueuedHandler->Illuminate\\Queue\\{closure}()
#26 /app/www/vendor/laravel/framework/src/Illuminate/Pipeline/Pipeline.php(116): Illuminate\\Pipeline\\Pipeline->Illuminate\\Pipeline\\{closure}()
#27 /app/www/vendor/laravel/framework/src/Illuminate/Queue/CallQueuedHandler.php(122): Illuminate\\Pipeline\\Pipeline->then()
#28 /app/www/vendor/laravel/framework/src/Illuminate/Queue/CallQueuedHandler.php(70): Illuminate\\Queue\\CallQueuedHandler->dispatchThroughMiddleware()
#29 /app/www/vendor/laravel/framework/src/Illuminate/Queue/Jobs/Job.php(98): Illuminate\\Queue\\CallQueuedHandler->call()
#30 /app/www/vendor/laravel/framework/src/Illuminate/Queue/SyncQueue.php(43): Illuminate\\Queue\\Jobs\\Job->fire()
#31 /app/www/vendor/laravel/framework/src/Illuminate/Bus/Dispatcher.php(253): Illuminate\\Queue\\SyncQueue->push()
#32 /app/www/vendor/laravel/framework/src/Illuminate/Bus/Dispatcher.php(229): Illuminate\\Bus\\Dispatcher->pushCommandToQueue()
#33 /app/www/vendor/laravel/framework/src/Illuminate/Bus/Dispatcher.php(77): Illuminate\\Bus\\Dispatcher->dispatchToQueue()
#34 /app/www/vendor/laravel/framework/src/Illuminate/Notifications/NotificationSender.php(229): Illuminate\\Bus\\Dispatcher->dispatch()
#35 /app/www/vendor/laravel/framework/src/Illuminate/Notifications/NotificationSender.php(76): Illuminate\\Notifications\\NotificationSender->queueNotification()
#36 /app/www/vendor/laravel/framework/src/Illuminate/Notifications/ChannelManager.php(39): Illuminate\\Notifications\\NotificationSender->send()
#37 /app/www/vendor/laravel/framework/src/Illuminate/Notifications/RoutesNotifications.php(18): Illuminate\\Notifications\\ChannelManager->send()
#38 /app/www/app/Auth/Access/UserInviteService.php(21): BookStack\\Auth\\User->notify()
#39 /app/www/app/Auth/UserRepo.php(95): BookStack\\Auth\\Access\\UserInviteService->sendInvitation()
#40 /app/www/app/Http/Controllers/UserController.php(97): BookStack\\Auth\\UserRepo->create()
#41 /app/www/vendor/laravel/framework/src/Illuminate/Database/Concerns/ManagesTransactions.php(30): BookStack\\Http\\Controllers\\UserController->BookStack\\Http\\Controllers\\{closure}()
#42 /app/www/vendor/laravel/framework/src/Illuminate/Database/DatabaseManager.php(469): Illuminate\\Database\\Connection->transaction()
#43 /app/www/vendor/laravel/framework/src/Illuminate/Support/Facades/Facade.php(338): Illuminate\\Database\\DatabaseManager->__call()
#44 /app/www/app/Http/Controllers/UserController.php(96): Illuminate\\Support\\Facades\\Facade::__callStatic()
#45 /app/www/vendor/laravel/framework/src/Illuminate/Routing/Controller.php(54): BookStack\\Http\\Controllers\\UserController->store()
#46 /app/www/vendor/laravel/framework/src/Illuminate/Routing/ControllerDispatcher.php(43): Illuminate\\Routing\\Controller->callAction()
#47 /app/www/vendor/laravel/framework/src/Illuminate/Routing/Route.php(259): Illuminate\\Routing\\ControllerDispatcher->dispatch()
#48 /app/www/vendor/laravel/framework/src/Illuminate/Routing/Route.php(205): Illuminate\\Routing\\Route->runController()
#49 /app/www/vendor/laravel/framework/src/Illuminate/Routing/Router.php(798): Illuminate\\Routing\\Route->run()
#50 /app/www/vendor/laravel/framework/src/Illuminate/Pipeline/Pipeline.php(141): Illuminate\\Routing\\Router->Illuminate\\Routing\\{closure}()
#51 /app/www/app/Http/Middleware/Authenticate.php(23): Illuminate\\Pipeline\\Pipeline->Illuminate\\Pipeline\\{closure}()
#52 /app/www/vendor/laravel/framework/src/Illuminate/Pipeline/Pipeline.php(180): BookStack\\Http\\Middleware\\Authenticate->handle()
#53 /app/www/app/Http/Middleware/Localization.php(45): Illuminate\\Pipeline\\Pipeline->Illuminate\\Pipeline\\{closure}()
#54 /app/www/vendor/laravel/framework/src/Illuminate/Pipeline/Pipeline.php(180): BookStack\\Http\\Middleware\\Localization->handle()
#55 /app/www/app/Http/Middleware/RunThemeActions.php(26): Illuminate\\Pipeline\\Pipeline->Illuminate\\Pipeline\\{closure}()
#56 /app/www/vendor/laravel/framework/src/Illuminate/Pipeline/Pipeline.php(180): BookStack\\Http\\Middleware\\RunThemeActions->handle()
#57 /app/www/app/Http/Middleware/CheckEmailConfirmed.php(47): Illuminate\\Pipeline\\Pipeline->Illuminate\\Pipeline\\{closure}()
#58 /app/www/vendor/laravel/framework/src/Illuminate/Pipeline/Pipeline.php(180): BookStack\\Http\\Middleware\\CheckEmailConfirmed->handle()
#59 /app/www/app/Http/Middleware/PreventAuthenticatedResponseCaching.php(21): Illuminate\\Pipeline\\Pipeline->Illuminate\\Pipeline\\{closure}()
#60 /app/www/vendor/laravel/framework/src/Illuminate/Pipeline/Pipeline.php(180): BookStack\\Http\\Middleware\\PreventAuthenticatedResponseCaching->handle()
#61 /app/www/vendor/laravel/framework/src/Illuminate/Foundation/Http/Middleware/VerifyCsrfToken.php(78): Illuminate\\Pipeline\\Pipeline->Illuminate\\Pipeline\\{closure}()
#62 /app/www/vendor/laravel/framework/src/Illuminate/Pipeline/Pipeline.php(180): Illuminate\\Foundation\\Http\\Middleware\\VerifyCsrfToken->handle()
#63 /app/www/vendor/laravel/framework/src/Illuminate/View/Middleware/ShareErrorsFromSession.php(49): Illuminate\\Pipeline\\Pipeline->Illuminate\\Pipeline\\{closure}()
#64 /app/www/vendor/laravel/framework/src/Illuminate/Pipeline/Pipeline.php(180): Illuminate\\View\\Middleware\\ShareErrorsFromSession->handle()
#65 /app/www/vendor/laravel/framework/src/Illuminate/Session/Middleware/StartSession.php(121): Illuminate\\Pipeline\\Pipeline->Illuminate\\Pipeline\\{closure}()
#66 /app/www/vendor/laravel/framework/src/Illuminate/Session/Middleware/StartSession.php(64): Illuminate\\Session\\Middleware\\StartSession->handleStatefulRequest()
#67 /app/www/vendor/laravel/framework/src/Illuminate/Pipeline/Pipeline.php(180): Illuminate\\Session\\Middleware\\StartSession->handle()
#68 /app/www/vendor/laravel/framework/src/Illuminate/Cookie/Middleware/AddQueuedCookiesToResponse.php(37): Illuminate\\Pipeline\\Pipeline->Illuminate\\Pipeline\\{closure}()
#69 /app/www/vendor/laravel/framework/src/Illuminate/Pipeline/Pipeline.php(180): Illuminate\\Cookie\\Middleware\\AddQueuedCookiesToResponse->handle()
#70 /app/www/vendor/laravel/framework/src/Illuminate/Cookie/Middleware/EncryptCookies.php(67): Illuminate\\Pipeline\\Pipeline->Illuminate\\Pipeline\\{closure}()
#71 /app/www/vendor/laravel/framework/src/Illuminate/Pipeline/Pipeline.php(180): Illuminate\\Cookie\\Middleware\\EncryptCookies->handle()
#72 /app/www/app/Http/Middleware/ApplyCspRules.php(33): Illuminate\\Pipeline\\Pipeline->Illuminate\\Pipeline\\{closure}()
#73 /app/www/vendor/laravel/framework/src/Illuminate/Pipeline/Pipeline.php(180): BookStack\\Http\\Middleware\\ApplyCspRules->handle()
#74 /app/www/vendor/laravel/framework/src/Illuminate/Pipeline/Pipeline.php(116): Illuminate\\Pipeline\\Pipeline->Illuminate\\Pipeline\\{closure}()
#75 /app/www/vendor/laravel/framework/src/Illuminate/Routing/Router.php(797): Illuminate\\Pipeline\\Pipeline->then()
#76 /app/www/vendor/laravel/framework/src/Illuminate/Routing/Router.php(776): Illuminate\\Routing\\Router->runRouteWithinStack()
#77 /app/www/vendor/laravel/framework/src/Illuminate/Routing/Router.php(740): Illuminate\\Routing\\Router->runRoute()
#78 /app/www/vendor/laravel/framework/src/Illuminate/Routing/Router.php(729): Illuminate\\Routing\\Router->dispatchToRoute()
#79 /app/www/vendor/laravel/framework/src/Illuminate/Foundation/Http/Kernel.php(190): Illuminate\\Routing\\Router->dispatch()
#80 /app/www/vendor/laravel/framework/src/Illuminate/Pipeline/Pipeline.php(141): Illuminate\\Foundation\\Http\\Kernel->Illuminate\\Foundation\\Http\\{closure}()
#81 /app/www/vendor/laravel/framework/src/Illuminate/Http/Middleware/TrustProxies.php(39): Illuminate\\Pipeline\\Pipeline->Illuminate\\Pipeline\\{closure}()
#82 /app/www/app/Http/Middleware/TrustProxies.php(41): Illuminate\\Http\\Middleware\\TrustProxies->handle()
#83 /app/www/vendor/laravel/framework/src/Illuminate/Pipeline/Pipeline.php(180): BookStack\\Http\\Middleware\\TrustProxies->handle()
#84 /app/www/vendor/laravel/framework/src/Illuminate/Foundation/Http/Middleware/TransformsRequest.php(21): Illuminate\\Pipeline\\Pipeline->Illuminate\\Pipeline\\{closure}()
#85 /app/www/vendor/laravel/framework/src/Illuminate/Foundation/Http/Middleware/TrimStrings.php(40): Illuminate\\Foundation\\Http\\Middleware\\TransformsRequest->handle()
#86 /app/www/vendor/laravel/framework/src/Illuminate/Pipeline/Pipeline.php(180): Illuminate\\Foundation\\Http\\Middleware\\TrimStrings->handle()
#87 /app/www/vendor/laravel/framework/src/Illuminate/Foundation/Http/Middleware/ValidatePostSize.php(27): Illuminate\\Pipeline\\Pipeline->Illuminate\\Pipeline\\{closure}()
#88 /app/www/vendor/laravel/framework/src/Illuminate/Pipeline/Pipeline.php(180): Illuminate\\Foundation\\Http\\Middleware\\ValidatePostSize->handle()
#89 /app/www/vendor/laravel/framework/src/Illuminate/Foundation/Http/Middleware/PreventRequestsDuringMaintenance.php(86): Illuminate\\Pipeline\\Pipeline->Illuminate\\Pipeline\\{closure}()
#90 /app/www/vendor/laravel/framework/src/Illuminate/Pipeline/Pipeline.php(180): Illuminate\\Foundation\\Http\\Middleware\\PreventRequestsDuringMaintenance->handle()
#91 /app/www/vendor/laravel/framework/src/Illuminate/Pipeline/Pipeline.php(116): Illuminate\\Pipeline\\Pipeline->Illuminate\\Pipeline\\{closure}()
#92 /app/www/vendor/laravel/framework/src/Illuminate/Foundation/Http/Kernel.php(165): Illuminate\\Pipeline\\Pipeline->then()
#93 /app/www/vendor/laravel/framework/src/Illuminate/Foundation/Http/Kernel.php(134): Illuminate\\Foundation\\Http\\Kernel->sendRequestThroughRouter()
#94 /app/www/public/index.php(52): Illuminate\\Foundation\\Http\\Kernel->handle()
#95 {main}
"} 
